Compiling the C compiler identification source file "CMakeCCompilerId.c" failed.
Compiler: C:/Program Files/Microsoft Visual Studio/2022/Enterprise/VC/Tools/Llvm/x64/bin/clang.exe 
Build flags: 
Id flags:  

The output was:
1
clang: error: unable to execute command: program not executable
clang: error: linker command failed with exit code 1 (use -v to see invocation)


Compiling the CXX compiler identification source file "CMakeCXXCompilerId.cpp" failed.
Compiler: C:/Program Files/Microsoft Visual Studio/2022/Enterprise/VC/Tools/Llvm/x64/bin/clang.exe 
Build flags: 
Id flags:  

The output was:
1
clang: error: unable to execute command: program not executable
clang: error: linker command failed with exit code 1 (use -v to see invocation)


Determining if the include file pthread.h exists failed with the following output:
Change Dir: C:/Users/egrvr/Documents/proga/space_shooter/SpaceShooter/build/CMakeFiles/CMakeTmp

Run Build Command(s):C:/PROGRA~1/MICROS~4/2022/ENTERP~1/Common7/IDE/COMMON~1/MICROS~1/CMake/Ninja/ninja.exe cmTC_4d1d3 && [1/2] Building C object CMakeFiles/cmTC_4d1d3.dir/CheckIncludeFile.c.obj
FAILED: CMakeFiles/cmTC_4d1d3.dir/CheckIncludeFile.c.obj 
C:\PROGRA~1\MICROS~4\2022\ENTERP~1\VC\Tools\Llvm\x64\bin\clang.exe   -g -Xclang -gcodeview -O0 -D_DEBUG -D_DLL -D_MT -Xclang --dependent-lib=msvcrtd -MD -MT CMakeFiles/cmTC_4d1d3.dir/CheckIncludeFile.c.obj -MF CMakeFiles\cmTC_4d1d3.dir\CheckIncludeFile.c.obj.d -o CMakeFiles/cmTC_4d1d3.dir/CheckIncludeFile.c.obj -c C:/Users/egrvr/Documents/proga/space_shooter/SpaceShooter/build/CMakeFiles/CMakeTmp/CheckIncludeFile.c
C:/Users/egrvr/Documents/proga/space_shooter/SpaceShooter/build/CMakeFiles/CMakeTmp/CheckIncludeFile.c:1:10: fatal error: 'pthread.h' file not found
#include <pthread.h>
         ^~~~~~~~~~~
1 error generated.
ninja: build stopped: subcommand failed.



Determining size of off64_t failed with the following output:
Change Dir: C:/Users/egrvr/Documents/proga/space_shooter/SpaceShooter/build/CMakeFiles/CMakeTmp

Run Build Command(s):C:/PROGRA~1/MICROS~4/2022/ENTERP~1/Common7/IDE/COMMON~1/MICROS~1/CMake/Ninja/ninja.exe cmTC_1e83e && [1/2] Building C object CMakeFiles/cmTC_1e83e.dir/OFF64_T.c.obj
FAILED: CMakeFiles/cmTC_1e83e.dir/OFF64_T.c.obj 
C:\PROGRA~1\MICROS~4\2022\ENTERP~1\VC\Tools\Llvm\x64\bin\clang.exe -DHAVE_STDDEF_H -DHAVE_STDINT_H -DHAVE_SYS_TYPES_H -D_LARGEFILE64_SOURCE=1  -g -Xclang -gcodeview -O0 -D_DEBUG -D_DLL -D_MT -Xclang --dependent-lib=msvcrtd -MD -MT CMakeFiles/cmTC_1e83e.dir/OFF64_T.c.obj -MF CMakeFiles\cmTC_1e83e.dir\OFF64_T.c.obj.d -o CMakeFiles/cmTC_1e83e.dir/OFF64_T.c.obj -c C:/Users/egrvr/Documents/proga/space_shooter/SpaceShooter/build/CMakeFiles/CheckTypeSize/OFF64_T.c
C:/Users/egrvr/Documents/proga/space_shooter/SpaceShooter/build/CMakeFiles/CheckTypeSize/OFF64_T.c:29:12: error: use of undeclared identifier 'off64_t'
  ('0' + ((SIZE / 10000)%10)),
           ^
C:/Users/egrvr/Documents/proga/space_shooter/SpaceShooter/build/CMakeFiles/CheckTypeSize/OFF64_T.c:27:22: note: expanded from macro 'SIZE'
#define SIZE (sizeof(off64_t))
                     ^
C:/Users/egrvr/Documents/proga/space_shooter/SpaceShooter/build/CMakeFiles/CheckTypeSize/OFF64_T.c:30:12: error: use of undeclared identifier 'off64_t'
  ('0' + ((SIZE / 1000)%10)),
           ^
C:/Users/egrvr/Documents/proga/space_shooter/SpaceShooter/build/CMakeFiles/CheckTypeSize/OFF64_T.c:27:22: note: expanded from macro 'SIZE'
#define SIZE (sizeof(off64_t))
                     ^
C:/Users/egrvr/Documents/proga/space_shooter/SpaceShooter/build/CMakeFiles/CheckTypeSize/OFF64_T.c:31:12: error: use of undeclared identifier 'off64_t'
  ('0' + ((SIZE / 100)%10)),
           ^
C:/Users/egrvr/Documents/proga/space_shooter/SpaceShooter/build/CMakeFiles/CheckTypeSize/OFF64_T.c:27:22: note: expanded from macro 'SIZE'
#define SIZE (sizeof(off64_t))
                     ^
C:/Users/egrvr/Documents/proga/space_shooter/SpaceShooter/build/CMakeFiles/CheckTypeSize/OFF64_T.c:32:12: error: use of undeclared identifier 'off64_t'
  ('0' + ((SIZE / 10)%10)),
           ^
C:/Users/egrvr/Documents/proga/space_shooter/SpaceShooter/build/CMakeFiles/CheckTypeSize/OFF64_T.c:27:22: note: expanded from macro 'SIZE'
#define SIZE (sizeof(off64_t))
                     ^
C:/Users/egrvr/Documents/proga/space_shooter/SpaceShooter/build/CMakeFiles/CheckTypeSize/OFF64_T.c:33:12: error: use of undeclared identifier 'off64_t'
  ('0' +  (SIZE    % 10)),
           ^
C:/Users/egrvr/Documents/proga/space_shooter/SpaceShooter/build/CMakeFiles/CheckTypeSize/OFF64_T.c:27:22: note: expanded from macro 'SIZE'
#define SIZE (sizeof(off64_t))
                     ^
5 errors generated.
ninja: build stopped: subcommand failed.


C:/Users/egrvr/Documents/proga/space_shooter/SpaceShooter/build/CMakeFiles/CheckTypeSize/OFF64_T.c:
#include <sys/types.h>
#include <stdint.h>
#include <stddef.h>


#undef KEY
#if defined(__i386)
# define KEY '_','_','i','3','8','6'
#elif defined(__x86_64)
# define KEY '_','_','x','8','6','_','6','4'
#elif defined(__PPC64__)
# define KEY '_','_','P','P','C','6','4','_','_'
#elif defined(__ppc64__)
# define KEY '_','_','p','p','c','6','4','_','_'
#elif defined(__PPC__)
# define KEY '_','_','P','P','C','_','_'
#elif defined(__ppc__)
# define KEY '_','_','p','p','c','_','_'
#elif defined(__aarch64__)
# define KEY '_','_','a','a','r','c','h','6','4','_','_'
#elif defined(__ARM_ARCH_7A__)
# define KEY '_','_','A','R','M','_','A','R','C','H','_','7','A','_','_'
#elif defined(__ARM_ARCH_7S__)
# define KEY '_','_','A','R','M','_','A','R','C','H','_','7','S','_','_'
#endif

#define SIZE (sizeof(off64_t))
static char info_size[] =  {'I', 'N', 'F', 'O', ':', 's','i','z','e','[',
  ('0' + ((SIZE / 10000)%10)),
  ('0' + ((SIZE / 1000)%10)),
  ('0' + ((SIZE / 100)%10)),
  ('0' + ((SIZE / 10)%10)),
  ('0' +  (SIZE    % 10)),
  ']',
#ifdef KEY
  ' ','k','e','y','[', KEY, ']',
#endif
  '\0'};

#ifdef __CLASSIC_C__
int main(argc, argv) int argc; char *argv[];
#else
int main(int argc, char *argv[])
#endif
{
  int require = 0;
  require += info_size[argc];
  (void)argv;
  return require;
}


Determining if the function fseeko exists failed with the following output:
Change Dir: C:/Users/egrvr/Documents/proga/space_shooter/SpaceShooter/build/CMakeFiles/CMakeTmp

Run Build Command(s):C:/PROGRA~1/MICROS~4/2022/ENTERP~1/Common7/IDE/COMMON~1/MICROS~1/CMake/Ninja/ninja.exe cmTC_4db7b && [1/2] Building C object CMakeFiles/cmTC_4db7b.dir/CheckFunctionExists.c.obj
[2/2] Linking C executable cmTC_4db7b.exe
FAILED: cmTC_4db7b.exe 
cmd.exe /C "cd . && C:\PROGRA~1\MICROS~4\2022\ENTERP~1\VC\Tools\Llvm\x64\bin\clang.exe -fuse-ld=lld-link -nostartfiles -nostdlib -DCHECK_FUNCTION_EXISTS=fseeko -g -Xclang -gcodeview -O0 -D_DEBUG -D_DLL -D_MT -Xclang --dependent-lib=msvcrtd -Xlinker /subsystem:console CMakeFiles/cmTC_4db7b.dir/CheckFunctionExists.c.obj -o cmTC_4db7b.exe -Xlinker /MANIFEST:EMBED -Xlinker /implib:cmTC_4db7b.lib -Xlinker /pdb:cmTC_4db7b.pdb -Xlinker /version:0.0   -lkernel32 -luser32 -lgdi32 -lwinspool -lshell32 -lole32 -loleaut32 -luuid -lcomdlg32 -ladvapi32 -loldnames  && cd ."
lld-link: error: undefined symbol: fseeko
>>> referenced by C:\Program Files\Microsoft Visual Studio\2022\Enterprise\Common7\IDE\CommonExtensions\Microsoft\CMake\CMake\share\cmake-3.23\Modules\CheckFunctionExists.c:17
>>>               CMakeFiles/cmTC_4db7b.dir/CheckFunctionExists.c.obj:(main)
clang: error: linker command failed with exit code 1 (use -v to see invocation)
ninja: build stopped: subcommand failed.



Determining if the include file unistd.h exists failed with the following output:
Change Dir: C:/Users/egrvr/Documents/proga/space_shooter/SpaceShooter/build/CMakeFiles/CMakeTmp

Run Build Command(s):C:/PROGRA~1/MICROS~4/2022/ENTERP~1/Common7/IDE/COMMON~1/MICROS~1/CMake/Ninja/ninja.exe cmTC_c0b6f && [1/2] Building C object CMakeFiles/cmTC_c0b6f.dir/CheckIncludeFile.c.obj
FAILED: CMakeFiles/cmTC_c0b6f.dir/CheckIncludeFile.c.obj 
C:\PROGRA~1\MICROS~4\2022\ENTERP~1\VC\Tools\Llvm\x64\bin\clang.exe   -g -Xclang -gcodeview -O0 -D_DEBUG -D_DLL -D_MT -Xclang --dependent-lib=msvcrtd -MD -MT CMakeFiles/cmTC_c0b6f.dir/CheckIncludeFile.c.obj -MF CMakeFiles\cmTC_c0b6f.dir\CheckIncludeFile.c.obj.d -o CMakeFiles/cmTC_c0b6f.dir/CheckIncludeFile.c.obj -c C:/Users/egrvr/Documents/proga/space_shooter/SpaceShooter/build/CMakeFiles/CMakeTmp/CheckIncludeFile.c
C:/Users/egrvr/Documents/proga/space_shooter/SpaceShooter/build/CMakeFiles/CMakeTmp/CheckIncludeFile.c:1:10: fatal error: 'unistd.h' file not found
#include <unistd.h>
         ^~~~~~~~~~
1 error generated.
ninja: build stopped: subcommand failed.



